<?xml version="1.0" encoding="utf-8" standalone="no"?>
<!--This file represents the results of running a test suite-->
<test-results name="E:\Git\Kiem-Thu-Phan-Mem\Quản Lý Thư Viện\PhamQuocCuong_TestSuaDocGia\bin\Debug\PhamQuocCuong_TestSuaDocGia.dll" total="1" errors="0" failures="1" not-run="0" inconclusive="0" ignored="0" skipped="0" invalid="0" date="2019-05-06" time="16:57:53">
  <environment nunit-version="2.7.0.0" clr-version="2.0.50727.8940" os-version="Microsoft Windows NT 6.2.9200.0" platform="Win32NT" cwd="G:\NUnit-2.7.0\bin" machine-name="QUOCCUONG" user="quocc" user-domain="QUOCCUONG" />
  <culture-info current-culture="en-US" current-uiculture="en-US" />
  <test-suite type="Assembly" name="E:\Git\Kiem-Thu-Phan-Mem\Quản Lý Thư Viện\PhamQuocCuong_TestSuaDocGia\bin\Debug\PhamQuocCuong_TestSuaDocGia.dll" executed="True" result="Failure" success="False" time="1.104" asserts="0">
    <results>
      <test-suite type="Namespace" name="PhamQuocCuong_TestSuaDocGia" executed="True" result="Failure" success="False" time="1.104" asserts="0">
        <results>
          <test-suite type="TestFixture" name="Test_SuaDocGia" executed="True" result="Failure" success="False" time="1.104" asserts="0">
            <results>
              <test-suite type="ParameterizedTest" name="Test" executed="True" result="Failure" success="False" time="1.103" asserts="0">
                <results>
                  <test-case name="PhamQuocCuong_TestSuaDocGia.Test_SuaDocGia.Test(&quot;DG01&quot;,&quot;James Bond&quot;,&quot;null&quot;,&quot;1235671521&quot;,&quot;True&quot;,&quot;Edit Unsuccessfully&quot;)" executed="True" result="Failure" success="False" time="1.103" asserts="1">
                    <failure>
                      <message><![CDATA[  Expected string length 17 but was 19. Strings differ at index 5.
  Expected: "Edit Successfully"
  But was:  "Edit Unsuccessfully"
  ----------------^
]]></message>
                      <stack-trace><![CDATA[at PhamQuocCuong_TestSuaDocGia.Test_SuaDocGia.Test(String madg, String tendg, String diachi, String sdt, String gt, String msg) in e:\Git\Kiem-Thu-Phan-Mem\Quản Lý Thư Viện\PhamQuocCuong_TestSuaDocGia\TestSuaDocGia.cs:line 56
]]></stack-trace>
                    </failure>
                  </test-case>
                </results>
              </test-suite>
            </results>
          </test-suite>
        </results>
      </test-suite>
    </results>
  </test-suite>
</test-results>